  main.cpp
  Shader.cpp
  IndexBuffer.cpp
  Renderer.cpp
  VertexBuffer.cpp
  VertexArray.cpp
F:\OpenGL\Examples\OpenGLWindow\OpenGLWindow\src\VertexArray.cpp(25,20): warning C4018: '<': signed/unsigned mismatch
  Generating Code...
F:\OpenGL\Examples\OpenGLWindow\OpenGLWindow\src\VertexBufferLayout.h(19): warning C4715: 'VertexBufferElement::GetSize': not all control paths return a value
main.obj : error LNK2019: unresolved external symbol _glfwInit referenced in function _main
main.obj : error LNK2019: unresolved external symbol _glfwTerminate referenced in function _main
main.obj : error LNK2019: unresolved external symbol _glfwWindowHint referenced in function _main
main.obj : error LNK2019: unresolved external symbol _glfwCreateWindow referenced in function _main
main.obj : error LNK2019: unresolved external symbol _glfwWindowShouldClose referenced in function _main
main.obj : error LNK2019: unresolved external symbol _glfwSetWindowShouldClose referenced in function "void __cdecl processInput(struct GLFWwindow *)" (?processInput@@YAXPAUGLFWwindow@@@Z)
main.obj : error LNK2019: unresolved external symbol _glfwSetFramebufferSizeCallback referenced in function _main
main.obj : error LNK2019: unresolved external symbol _glfwPollEvents referenced in function _main
main.obj : error LNK2019: unresolved external symbol _glfwGetKey referenced in function "void __cdecl processInput(struct GLFWwindow *)" (?processInput@@YAXPAUGLFWwindow@@@Z)
main.obj : error LNK2019: unresolved external symbol _glfwMakeContextCurrent referenced in function _main
main.obj : error LNK2019: unresolved external symbol _glfwSwapBuffers referenced in function _main
main.obj : error LNK2019: unresolved external symbol _glfwGetProcAddress referenced in function _main
F:\OpenGL\ThirdPartyGLLibs\lib\glfw3.lib : warning LNK4272: library machine type 'x64' conflicts with target machine type 'x86'
F:\OpenGL\Examples\OpenGLWindow\OpenGLWindow\Debug\OpenGLWindow.exe : fatal error LNK1120: 12 unresolved externals
